1631714917879	geckodriver	INFO	Listening on 127.0.0.1:54727
1631714920959	mozrunner::runner	INFO	Running command: "C:\\Program Files\\Mozilla Firefox\\firefox.exe" "--marionette" "-foreground" "-no-remote" "-profile" "C:\\Users\\HAFZ~1\\AppData\\Local\\Temp\\rust_mozprofileqcFLH6"
1631714921606	Marionette	INFO	Marionette enabled
console.warn: SearchSettings: "get: No settings file exists, new profile?" (new NotFoundError("Could not open the file at C:\\Users\\Haf\u0131z\\AppData\\Local\\Temp\\rust_mozprofileqcFLH6\\search.json.mozlz4", (void 0)))
1631714924656	Marionette	INFO	Listening on port 54739
1631714924726	RemoteAgent	WARN	TLS certificate errors will be ignored for this session
JavaScript warning: https://dd.nytimes.com/tags.js, line 2: unreachable code after return statement
JavaScript warning: https://dd.nytimes.com/tags.js, line 2: unreachable code after return statement
JavaScript warning: https://dd.nytimes.com/tags.js, line 2: unreachable code after return statement
JavaScript warning: https://www.googletagmanager.com/gtm.js?id=GTM-P528B3&gtm_auth=tfAzqo1rYDLgYhmTnSjPqw&gtm_preview=env-130&gtm_cookies_win=x, line 1: unreachable code after return statement
JavaScript warning: https://dd.nytimes.com/tags.js, line 2: WEBGL_debug_renderer_info is deprecated in Firefox and will be removed. Please use RENDERER.
1631714930726	Marionette	INFO	Stopped listening on port 54739
JavaScript error: resource:///modules/Interactions.jsm, line 230: NS_ERROR_FAILURE: Component returned failure code: 0x80004005 (NS_ERROR_FAILURE) [nsIUserIdleService.removeIdleObserver]
[Parent 14360, IPC I/O Parent] WARNING: file /builds/worker/checkouts/gecko/ipc/chromium/src/base/process_util_win.cc:167
JavaScript error: resource://gre/modules/Sqlite.jsm, line 1030: Error: Sqlite.jsm has been shutdown. Cannot open connection to: C:\Users\Hafız\AppData\Local\Temp\rust_mozprofileqcFLH6\protections.sqlite
1631721233748	geckodriver	INFO	Listening on 127.0.0.1:54667
1631721236813	mozrunner::runner	INFO	Running command: "C:\\Program Files\\Mozilla Firefox\\firefox.exe" "--marionette" "-foreground" "-no-remote" "-profile" "C:\\Users\\HAFZ~1\\AppData\\Local\\Temp\\rust_mozprofileRxhyvH"
1631721237523	Marionette	INFO	Marionette enabled
console.warn: SearchSettings: "get: No settings file exists, new profile?" (new NotFoundError("Could not open the file at C:\\Users\\Haf\u0131z\\AppData\\Local\\Temp\\rust_mozprofileRxhyvH\\search.json.mozlz4", (void 0)))
1631721240761	Marionette	INFO	Listening on port 54686
1631721241036	RemoteAgent	WARN	TLS certificate errors will be ignored for this session
JavaScript warning: https://dd.nytimes.com/tags.js, line 2: unreachable code after return statement
JavaScript warning: https://dd.nytimes.com/tags.js, line 2: unreachable code after return statement
JavaScript warning: https://dd.nytimes.com/tags.js, line 2: unreachable code after return statement
JavaScript warning: https://www.googletagmanager.com/gtm.js?id=GTM-P528B3&gtm_auth=tfAzqo1rYDLgYhmTnSjPqw&gtm_preview=env-130&gtm_cookies_win=x, line 1: unreachable code after return statement
JavaScript warning: https://dd.nytimes.com/tags.js, line 2: WEBGL_debug_renderer_info is deprecated in Firefox and will be removed. Please use RENDERER.
1631721249769	Marionette	INFO	Stopped listening on port 54686
JavaScript error: resource:///modules/Interactions.jsm, line 230: NS_ERROR_FAILURE: Component returned failure code: 0x80004005 (NS_ERROR_FAILURE) [nsIUserIdleService.removeIdleObserver]
JavaScript error: , line 0: TypeError: NetworkError when attempting to fetch resource.
JavaScript error: , line 0: uncaught exception: undefined

###!!! [Parent][RunMessage] Error: Channel closing: too late to send/recv, messages will be lost

1631721273325	geckodriver	INFO	Listening on 127.0.0.1:54882
1631721276385	mozrunner::runner	INFO	Running command: "C:\\Program Files\\Mozilla Firefox\\firefox.exe" "--marionette" "-foreground" "-no-remote" "-profile" "C:\\Users\\HAFZ~1\\AppData\\Local\\Temp\\rust_mozprofilep6x1Sh"
1631721277107	Marionette	INFO	Marionette enabled
console.warn: SearchSettings: "get: No settings file exists, new profile?" (new NotFoundError("Could not open the file at C:\\Users\\Haf\u0131z\\AppData\\Local\\Temp\\rust_mozprofilep6x1Sh\\search.json.mozlz4", (void 0)))
1631721280137	Marionette	INFO	Listening on port 59035
1631721280640	RemoteAgent	WARN	TLS certificate errors will be ignored for this session
JavaScript warning: https://dd.nytimes.com/tags.js, line 2: unreachable code after return statement
JavaScript warning: https://dd.nytimes.com/tags.js, line 2: unreachable code after return statement
JavaScript warning: https://dd.nytimes.com/tags.js, line 2: unreachable code after return statement
JavaScript warning: https://dd.nytimes.com/tags.js, line 2: WEBGL_debug_renderer_info is deprecated in Firefox and will be removed. Please use RENDERER.
JavaScript warning: https://www.googletagmanager.com/gtm.js?id=GTM-P528B3&gtm_auth=tfAzqo1rYDLgYhmTnSjPqw&gtm_preview=env-130&gtm_cookies_win=x, line 1: unreachable code after return statement
1631721286573	Marionette	INFO	Stopped listening on port 59035
JavaScript error: resource:///modules/Interactions.jsm, line 230: NS_ERROR_FAILURE: Component returned failure code: 0x80004005 (NS_ERROR_FAILURE) [nsIUserIdleService.removeIdleObserver]
[Parent 11516, IPC I/O Parent] WARNING: file /builds/worker/checkouts/gecko/ipc/chromium/src/base/process_util_win.cc:167

###!!! [Parent][RunMessage] Error: Channel closing: too late to send/recv, messages will be lost

1631721583119	geckodriver	INFO	Listening on 127.0.0.1:56322
1631721586183	mozrunner::runner	INFO	Running command: "C:\\Program Files\\Mozilla Firefox\\firefox.exe" "--marionette" "-foreground" "-no-remote" "-profile" "C:\\Users\\HAFZ~1\\AppData\\Local\\Temp\\rust_mozprofilerGlytd"
1631721586814	Marionette	INFO	Marionette enabled
console.warn: SearchSettings: "get: No settings file exists, new profile?" (new NotFoundError("Could not open the file at C:\\Users\\Haf\u0131z\\AppData\\Local\\Temp\\rust_mozprofilerGlytd\\search.json.mozlz4", (void 0)))
1631721589892	Marionette	INFO	Listening on port 56341
1631721590376	RemoteAgent	WARN	TLS certificate errors will be ignored for this session
JavaScript warning: https://dd.nytimes.com/tags.js, line 2: unreachable code after return statement
JavaScript warning: https://dd.nytimes.com/tags.js, line 2: unreachable code after return statement
JavaScript warning: https://dd.nytimes.com/tags.js, line 2: unreachable code after return statement
JavaScript warning: https://dd.nytimes.com/tags.js, line 2: WEBGL_debug_renderer_info is deprecated in Firefox and will be removed. Please use RENDERER.
JavaScript warning: https://www.googletagmanager.com/gtm.js?id=GTM-P528B3&gtm_auth=tfAzqo1rYDLgYhmTnSjPqw&gtm_preview=env-130&gtm_cookies_win=x, line 1: unreachable code after return statement
1631721596577	Marionette	INFO	Stopped listening on port 56341
JavaScript error: resource:///modules/Interactions.jsm, line 230: NS_ERROR_FAILURE: Component returned failure code: 0x80004005 (NS_ERROR_FAILURE) [nsIUserIdleService.removeIdleObserver]
JavaScript error: , line 0: TypeError: NetworkError when attempting to fetch resource.

###!!! [Child][RunMessage] Error: Channel closing: too late to send/recv, messages will be lost

1631721697596	geckodriver	INFO	Listening on 127.0.0.1:57314
1631721700666	mozrunner::runner	INFO	Running command: "C:\\Program Files\\Mozilla Firefox\\firefox.exe" "--marionette" "-foreground" "-no-remote" "-profile" "C:\\Users\\HAFZ~1\\AppData\\Local\\Temp\\rust_mozprofileUiwzGV"
1631721701295	Marionette	INFO	Marionette enabled
console.warn: SearchSettings: "get: No settings file exists, new profile?" (new NotFoundError("Could not open the file at C:\\Users\\Haf\u0131z\\AppData\\Local\\Temp\\rust_mozprofileUiwzGV\\search.json.mozlz4", (void 0)))
1631721704313	Marionette	INFO	Listening on port 57338
1631721704397	RemoteAgent	WARN	TLS certificate errors will be ignored for this session
JavaScript warning: https://dd.nytimes.com/tags.js, line 2: unreachable code after return statement
JavaScript warning: https://dd.nytimes.com/tags.js, line 2: unreachable code after return statement
JavaScript warning: https://dd.nytimes.com/tags.js, line 2: unreachable code after return statement
JavaScript warning: https://dd.nytimes.com/tags.js, line 2: WEBGL_debug_renderer_info is deprecated in Firefox and will be removed. Please use RENDERER.
JavaScript warning: https://www.googletagmanager.com/gtm.js?id=GTM-P528B3&gtm_auth=tfAzqo1rYDLgYhmTnSjPqw&gtm_preview=env-130&gtm_cookies_win=x, line 1: unreachable code after return statement
1631721709583	Marionette	INFO	Stopped listening on port 57338
JavaScript error: resource:///modules/Interactions.jsm, line 230: NS_ERROR_FAILURE: Component returned failure code: 0x80004005 (NS_ERROR_FAILURE) [nsIUserIdleService.removeIdleObserver]
JavaScript error: , line 0: uncaught exception: undefined
1631722389442	geckodriver	INFO	Listening on 127.0.0.1:53861
1631722392527	mozrunner::runner	INFO	Running command: "C:\\Program Files\\Mozilla Firefox\\firefox.exe" "--marionette" "-foreground" "-no-remote" "-profile" "C:\\Users\\HAFZ~1\\AppData\\Local\\Temp\\rust_mozprofileYpZiY2"
1631722393274	Marionette	INFO	Marionette enabled
console.warn: SearchSettings: "get: No settings file exists, new profile?" (new NotFoundError("Could not open the file at C:\\Users\\Haf\u0131z\\AppData\\Local\\Temp\\rust_mozprofileYpZiY2\\search.json.mozlz4", (void 0)))
1631722396302	Marionette	INFO	Listening on port 53871
1631722396749	RemoteAgent	WARN	TLS certificate errors will be ignored for this session
JavaScript warning: https://dd.nytimes.com/tags.js, line 2: unreachable code after return statement
JavaScript warning: https://dd.nytimes.com/tags.js, line 2: unreachable code after return statement
JavaScript warning: https://dd.nytimes.com/tags.js, line 2: unreachable code after return statement
JavaScript warning: https://dd.nytimes.com/tags.js, line 2: WEBGL_debug_renderer_info is deprecated in Firefox and will be removed. Please use RENDERER.
JavaScript warning: https://www.googletagmanager.com/gtm.js?id=GTM-P528B3&gtm_auth=tfAzqo1rYDLgYhmTnSjPqw&gtm_preview=env-130&gtm_cookies_win=x, line 1: unreachable code after return statement
1631722401777	Marionette	INFO	Stopped listening on port 53871
JavaScript error: chrome://global/content/elements/browser-custom-element.js, line 1688: NotFoundError: No such JSWindowActor 'MarionetteEvents'
JavaScript error: chrome://global/content/elements/browser-custom-element.js, line 1688: NotFoundError: No such JSWindowActor 'MarionetteEvents'
JavaScript error: resource:///modules/Interactions.jsm, line 230: NS_ERROR_FAILURE: Component returned failure code: 0x80004005 (NS_ERROR_FAILURE) [nsIUserIdleService.removeIdleObserver]
[Parent 4012, IPC I/O Parent] WARNING: file /builds/worker/checkouts/gecko/ipc/chromium/src/base/process_util_win.cc:167
JavaScript error: , line 0: uncaught exception: undefined

###!!! [Parent][RunMessage] Error: Channel closing: too late to send/recv, messages will be lost

